{
  "RSpec": {
    "coverage": {
      "/Users/elliotjennings/Desktop/makers/week-10/tech-tests/bank/spec/Account_spec.rb": [
        1,
        null,
        1,
        1,
        6,
        null,
        null,
        1,
        1,
        null,
        null,
        1,
        1,
        null,
        null,
        1,
        4,
        null,
        null,
        1,
        2,
        null,
        null,
        1,
        1,
        4,
        null,
        null,
        1,
        1,
        1,
        null,
        null
      ],
      "/Users/elliotjennings/Desktop/makers/week-10/tech-tests/bank/lib/Account.rb": [
        1,
        null,
        1,
        null,
        1,
        null,
        1,
        8,
        8,
        null,
        null,
        1,
        6,
        6,
        6,
        null,
        null,
        1,
        4,
        1,
        null,
        3,
        3,
        3,
        null,
        null,
        null
      ],
      "/Users/elliotjennings/Desktop/makers/week-10/tech-tests/bank/lib/Statement.rb": [
        1,
        1,
        null,
        1,
        null,
        1,
        null,
        1,
        11,
        null,
        null,
        1,
        13,
        null,
        null,
        1,
        1,
        1,
        null,
        null
      ],
      "/Users/elliotjennings/Desktop/makers/week-10/tech-tests/bank/lib/DateOfTransaction.rb": [
        1,
        null,
        1,
        null,
        1,
        10,
        null,
        null
      ],
      "/Users/elliotjennings/Desktop/makers/week-10/tech-tests/bank/lib/Printer.rb": [
        1,
        null,
        1,
        2,
        null,
        null,
        1,
        2,
        2,
        2,
        2,
        null,
        null,
        null,
        null
      ],
      "/Users/elliotjennings/Desktop/makers/week-10/tech-tests/bank/spec/DateOfTransaction_spec.rb": [
        1,
        null,
        1,
        1,
        1,
        1,
        1,
        null,
        null
      ],
      "/Users/elliotjennings/Desktop/makers/week-10/tech-tests/bank/spec/Printer_spec.rb": [
        1,
        null,
        1,
        1,
        2,
        null,
        null,
        1,
        2,
        null,
        null,
        1,
        1,
        2,
        null,
        null
      ],
      "/Users/elliotjennings/Desktop/makers/week-10/tech-tests/bank/spec/Statement_spec.rb": [
        1,
        null,
        1,
        null,
        4,
        2,
        null,
        null,
        1,
        3,
        null,
        null,
        1,
        1,
        1,
        1,
        null,
        null,
        1,
        1,
        4,
        null,
        null,
        1,
        1,
        1,
        1,
        4,
        null,
        null
      ],
      "/Users/elliotjennings/Desktop/makers/week-10/tech-tests/bank/spec/features/Bank_feature_spec.rb": [
        1,
        1,
        null,
        1,
        null,
        1,
        null,
        1,
        1,
        1,
        1,
        null,
        null,
        null,
        1,
        1,
        1,
        1,
        1,
        1,
        2,
        null,
        null,
        null
      ]
    },
    "timestamp": 1552326748
  }
}
