{
  "RSpec": {
    "coverage": {
      "/Users/elliotjennings/Desktop/makers/week-10/tech-tests/bank/spec/account_spec.rb": [
        1,
        null,
        1,
        1,
        6,
        null,
        null,
        1,
        1,
        null,
        null,
        1,
        1,
        null,
        null,
        1,
        4,
        null,
        null,
        1,
        2,
        null,
        null,
        1,
        1,
        4,
        null,
        null,
        1,
        1,
        1,
        null,
        null
      ],
      "/Users/elliotjennings/Desktop/makers/week-10/tech-tests/bank/lib/account.rb": [
        1,
        null,
        1,
        1,
        null,
        1,
        8,
        8,
        null,
        null,
        1,
        6,
        6,
        6,
        null,
        null,
        1,
        4,
        3,
        3,
        3,
        null,
        null,
        1,
        null,
        1,
        4,
        null,
        null
      ],
      "/Users/elliotjennings/Desktop/makers/week-10/tech-tests/bank/lib/statement.rb": [
        1,
        1,
        null,
        1,
        1,
        null,
        1,
        10,
        null,
        null,
        1,
        12,
        null,
        null,
        1,
        1,
        1,
        null,
        null
      ],
      "/Users/elliotjennings/Desktop/makers/week-10/tech-tests/bank/lib/date_of_transaction.rb": [
        1,
        null,
        1,
        1,
        10,
        null,
        null
      ],
      "/Users/elliotjennings/Desktop/makers/week-10/tech-tests/bank/lib/printer.rb": [
        1,
        1,
        2,
        null,
        null,
        1,
        2,
        2,
        2,
        2,
        null,
        null,
        null
      ],
      "/Users/elliotjennings/Desktop/makers/week-10/tech-tests/bank/spec/date_of_transaction_spec.rb": [
        1,
        null,
        1,
        1,
        1,
        1,
        1,
        null,
        null
      ],
      "/Users/elliotjennings/Desktop/makers/week-10/tech-tests/bank/spec/features/bank_feature_spec.rb": [
        1,
        1,
        null,
        1,
        1,
        1,
        1,
        1,
        1,
        null,
        null,
        null,
        1,
        1,
        1,
        1,
        1,
        1,
        2,
        null,
        null,
        null
      ],
      "/Users/elliotjennings/Desktop/makers/week-10/tech-tests/bank/spec/printer_spec.rb": [
        1,
        null,
        1,
        1,
        2,
        null,
        null,
        1,
        2,
        null,
        null,
        1,
        1,
        2,
        null,
        null
      ],
      "/Users/elliotjennings/Desktop/makers/week-10/tech-tests/bank/spec/statement_spec.rb": [
        1,
        null,
        1,
        3,
        2,
        null,
        1,
        2,
        null,
        null,
        1,
        1,
        4,
        null,
        null,
        1,
        1,
        1,
        1,
        4,
        null,
        null
      ]
    },
    "timestamp": 1552392781
  }
}
